
> backend@1.0.0 start:dev
> tsx src/main.ts

[32m[Nest] 49756  - [39m12/05/2026, 12:19:16 p. m. [32m    LOG[39m [38;5;3m[Bootstrap] [39m[32m🔍 DATABASE_URL: postgresql://postgres:agricultura@localhost:5432/presupuesto?schema=public[39m
[32m[Nest] 49756  - [39m12/05/2026, 12:19:16 p. m. [32m    LOG[39m [38;5;3m[NestFactory] [39m[32mStarting Nest application...[39m[38;5;3m +2ms[39m
[32m[Nest] 49756  - [39m12/05/2026, 12:19:16 p. m. [32m    LOG[39m [38;5;3m[CategoriasService] [39m[32mCategoriasService created its own PrismaClient[39m
[32m[Nest] 49756  - [39m12/05/2026, 12:19:16 p. m. [32m    LOG[39m [38;5;3m[MotivosService] [39m[32mMotivosService created its own PrismaClient[39m
[32m[Nest] 49756  - [39m12/05/2026, 12:19:16 p. m. [32m    LOG[39m [38;5;3m[TransaccionesService] [39m[32mTransaccionesService created its own PrismaClient[39m
[32m[Nest] 49756  - [39m12/05/2026, 12:19:16 p. m. [32m    LOG[39m [38;5;3m[ArchivosService] [39m[32mArchivosService created its own PrismaClient[39m
[32m[Nest] 49756  - [39m12/05/2026, 12:19:16 p. m. [32m    LOG[39m [38;5;3m[ArchivosService] [39m[32m📦 SUPABASE_URL: CARGADA ✓[39m
[32m[Nest] 49756  - [39m12/05/2026, 12:19:16 p. m. [32m    LOG[39m [38;5;3m[ArchivosService] [39m[32m📦 SUPABASE_KEY: CARGADA ✓[39m
[32m[Nest] 49756  - [39m12/05/2026, 12:19:16 p. m. [32m    LOG[39m [38;5;3m[ArchivosService] [39m[32m✅ Supabase client initialized[39m
[31m[Nest] 49756  - [39m12/05/2026, 12:19:16 p. m. [31m  ERROR[39m [38;5;3m[ExceptionHandler] [39mTypeError: Cannot read properties of undefined (reading 'get')
    at new JwtStrategy [90m(D:\proyectosIA\PresupuestoPersonal\backend\[39msrc\auth\strategies\jwt.strategy.ts:13:34[90m)[39m
    at Injector.instantiateClass [90m(D:\proyectosIA\PresupuestoPersonal\backend\[39mnode_modules\[4m@nestjs\core[24m\injector\injector.js:422:19[90m)[39m
    at callback [90m(D:\proyectosIA\PresupuestoPersonal\backend\[39mnode_modules\[4m@nestjs\core[24m\injector\injector.js:70:45[90m)[39m
    at async Injector.resolveConstructorParams [90m(D:\proyectosIA\PresupuestoPersonal\backend\[39mnode_modules\[4m@nestjs\core[24m\injector\injector.js:170:24[90m)[39m
    at async Injector.loadInstance [90m(D:\proyectosIA\PresupuestoPersonal\backend\[39mnode_modules\[4m@nestjs\core[24m\injector\injector.js:75:13[90m)[39m
    at async Injector.loadProvider [90m(D:\proyectosIA\PresupuestoPersonal\backend\[39mnode_modules\[4m@nestjs\core[24m\injector\injector.js:103:9[90m)[39m
    at async [90mD:\proyectosIA\PresupuestoPersonal\backend\[39mnode_modules\[4m@nestjs\core[24m\injector\instance-loader.js:56:13
    at async Promise.all (index 4)
    at async InstanceLoader.createInstancesOfProviders [90m(D:\proyectosIA\PresupuestoPersonal\backend\[39mnode_modules\[4m@nestjs\core[24m\injector\instance-loader.js:55:9[90m)[39m
    at async [90mD:\proyectosIA\PresupuestoPersonal\backend\[39mnode_modules\[4m@nestjs\core[24m\injector\instance-loader.js:40:13
    at async Promise.all (index 5)
    at async InstanceLoader.createInstances [90m(D:\proyectosIA\PresupuestoPersonal\backend\[39mnode_modules\[4m@nestjs\core[24m\injector\instance-loader.js:39:9[90m)[39m
    at async InstanceLoader.createInstancesOfDependencies [90m(D:\proyectosIA\PresupuestoPersonal\backend\[39mnode_modules\[4m@nestjs\core[24m\injector\instance-loader.js:22:13[90m)[39m
    at async [90mD:\proyectosIA\PresupuestoPersonal\backend\[39mnode_modules\[4m@nestjs\core[24m\nest-factory.js:112:17
    at async ExceptionsZone.asyncRun [90m(D:\proyectosIA\PresupuestoPersonal\backend\[39mnode_modules\[4m@nestjs\core[24m\errors\exceptions-zone.js:22:13[90m)[39m
    at async NestFactoryStatic.initialize [90m(D:\proyectosIA\PresupuestoPersonal\backend\[39mnode_modules\[4m@nestjs\core[24m\nest-factory.js:110:13[90m)[39m
